{"name":"testeDeveRetornarMensagemDeErroAoTentarCriarAtiviadeSemModulo","status":"broken","statusDetails":{"known":false,"muted":false,"flaky":false,"message":"element click intercepted: Element <span class=\"MuiTypography-root MuiTypography-body1 MuiListItemText-primary css-yb0lig\">...</span> is not clickable at point (820, 63). Other element would receive the click: <li class=\"MuiButtonBase-root MuiMenuItem-root MuiMenuItem-gutters MuiMenuItem-root MuiMenuItem-gutters css-1km1ehz\" tabindex=\"0\" role=\"option\" aria-selected=\"false\" data-value=\"1\">...</li>\n  (Session info: chrome=107.0.5304.121)\nBuild info: version: '4.6.0', revision: '79f1c02ae20'\nSystem info: os.name: 'Windows 10', os.arch: 'amd64', os.version: '10.0', java.version: '1.8.0_352'\nDriver info: org.openqa.selenium.chrome.ChromeDriver\nCommand: [922cb43794509e8c1bf48db63b4551e4, clickElement {id=f9329e4a-0c2f-4a61-85ca-f739e77cef21}]\nCapabilities {acceptInsecureCerts: false, browserName: chrome, browserVersion: 107.0.5304.121, chrome: {chromedriverVersion: 107.0.5304.62 (1eec40d3a576..., userDataDir: C:\\Users\\RAWAD~1.YEH\\AppDat...}, goog:chromeOptions: {debuggerAddress: localhost:64969}, networkConnectionEnabled: false, pageLoadStrategy: normal, platformName: WINDOWS, proxy: Proxy(), se:cdp: ws://localhost:64969/devtoo..., se:cdpVersion: 107.0.5304.121, setWindowRect: true, strictFileInteractability: false, timeouts: {implicit: 0, pageLoad: 300000, script: 30000}, unhandledPromptBehavior: dismiss and notify, webauthn:extension:credBlob: true, webauthn:extension:largeBlob: true, webauthn:virtualAuthenticators: true}\nElement: [[ChromeDriver: chrome on WINDOWS (922cb43794509e8c1bf48db63b4551e4)] -> xpath: //*[@id=\"menu-\"]/div[3]/ul/li[1]/div/span]\nSession ID: 922cb43794509e8c1bf48db63b4551e4","trace":"org.openqa.selenium.ElementClickInterceptedException: element click intercepted: Element <span class=\"MuiTypography-root MuiTypography-body1 MuiListItemText-primary css-yb0lig\">...</span> is not clickable at point (820, 63). Other element would receive the click: <li class=\"MuiButtonBase-root MuiMenuItem-root MuiMenuItem-gutters MuiMenuItem-root MuiMenuItem-gutters css-1km1ehz\" tabindex=\"0\" role=\"option\" aria-selected=\"false\" data-value=\"1\">...</li>\n  (Session info: chrome=107.0.5304.121)\nBuild info: version: '4.6.0', revision: '79f1c02ae20'\nSystem info: os.name: 'Windows 10', os.arch: 'amd64', os.version: '10.0', java.version: '1.8.0_352'\nDriver info: org.openqa.selenium.chrome.ChromeDriver\nCommand: [922cb43794509e8c1bf48db63b4551e4, clickElement {id=f9329e4a-0c2f-4a61-85ca-f739e77cef21}]\nCapabilities {acceptInsecureCerts: false, browserName: chrome, browserVersion: 107.0.5304.121, chrome: {chromedriverVersion: 107.0.5304.62 (1eec40d3a576..., userDataDir: C:\\Users\\RAWAD~1.YEH\\AppDat...}, goog:chromeOptions: {debuggerAddress: localhost:64969}, networkConnectionEnabled: false, pageLoadStrategy: normal, platformName: WINDOWS, proxy: Proxy(), se:cdp: ws://localhost:64969/devtoo..., se:cdpVersion: 107.0.5304.121, setWindowRect: true, strictFileInteractability: false, timeouts: {implicit: 0, pageLoad: 300000, script: 30000}, unhandledPromptBehavior: dismiss and notify, webauthn:extension:credBlob: true, webauthn:extension:largeBlob: true, webauthn:virtualAuthenticators: true}\nElement: [[ChromeDriver: chrome on WINDOWS (922cb43794509e8c1bf48db63b4551e4)] -> xpath: //*[@id=\"menu-\"]/div[3]/ul/li[1]/div/span]\nSession ID: 922cb43794509e8c1bf48db63b4551e4\r\n\tat sun.reflect.NativeConstructorAccessorImpl.newInstance0(Native Method)\r\n\tat sun.reflect.NativeConstructorAccessorImpl.newInstance(NativeConstructorAccessorImpl.java:62)\r\n\tat sun.reflect.DelegatingConstructorAccessorImpl.newInstance(DelegatingConstructorAccessorImpl.java:45)\r\n\tat java.lang.reflect.Constructor.newInstance(Constructor.java:423)\r\n\tat org.openqa.selenium.remote.codec.w3c.W3CHttpResponseCodec.createException(W3CHttpResponseCodec.java:200)\r\n\tat org.openqa.selenium.remote.codec.w3c.W3CHttpResponseCodec.decode(W3CHttpResponseCodec.java:133)\r\n\tat org.openqa.selenium.remote.codec.w3c.W3CHttpResponseCodec.decode(W3CHttpResponseCodec.java:53)\r\n\tat org.openqa.selenium.remote.HttpCommandExecutor.execute(HttpCommandExecutor.java:184)\r\n\tat org.openqa.selenium.remote.service.DriverCommandExecutor.invokeExecute(DriverCommandExecutor.java:167)\r\n\tat org.openqa.selenium.remote.service.DriverCommandExecutor.execute(DriverCommandExecutor.java:142)\r\n\tat org.openqa.selenium.remote.RemoteWebDriver.execute(RemoteWebDriver.java:541)\r\n\tat org.openqa.selenium.remote.RemoteWebElement.execute(RemoteWebElement.java:257)\r\n\tat org.openqa.selenium.remote.RemoteWebElement.click(RemoteWebElement.java:78)\r\n\tat br.com.vemrankser.pages.BasePage.click(BasePage.java:11)\r\n\tat br.com.vemrankser.pages.AtividadesPage.clicarPrimeiroSelectTrilhaAtividade(AtividadesPage.java:71)\r\n\tat br.com.vemrankser.steps.AtividadeSteps.testeDeveRetornarMensagemDeErroAoTentarCriarAtiviadeSemModulo(AtividadeSteps.java:30)\r\n\tat sun.reflect.NativeMethodAccessorImpl.invoke0(Native Method)\r\n\tat sun.reflect.NativeMethodAccessorImpl.invoke(NativeMethodAccessorImpl.java:62)\r\n\tat sun.reflect.DelegatingMethodAccessorImpl.invoke(DelegatingMethodAccessorImpl.java:43)\r\n\tat java.lang.reflect.Method.invoke(Method.java:498)\r\n\tat org.testng.internal.MethodInvocationHelper.invokeMethod(MethodInvocationHelper.java:133)\r\n\tat org.testng.internal.TestInvoker.invokeMethod(TestInvoker.java:598)\r\n\tat org.testng.internal.TestInvoker.invokeTestMethod(TestInvoker.java:173)\r\n\tat org.testng.internal.MethodRunner.runInSequence(MethodRunner.java:46)\r\n\tat org.testng.internal.TestInvoker$MethodInvocationAgent.invoke(TestInvoker.java:824)\r\n\tat org.testng.internal.TestInvoker.invokeTestMethods(TestInvoker.java:146)\r\n\tat org.testng.internal.TestMethodWorker.invokeTestMethods(TestMethodWorker.java:146)\r\n\tat org.testng.internal.TestMethodWorker.run(TestMethodWorker.java:128)\r\n\tat java.util.ArrayList.forEach(ArrayList.java:1259)\r\n\tat org.testng.TestRunner.privateRun(TestRunner.java:794)\r\n\tat org.testng.TestRunner.run(TestRunner.java:596)\r\n\tat org.testng.SuiteRunner.runTest(SuiteRunner.java:377)\r\n\tat org.testng.SuiteRunner.runSequentially(SuiteRunner.java:371)\r\n\tat org.testng.SuiteRunner.privateRun(SuiteRunner.java:332)\r\n\tat org.testng.SuiteRunner.run(SuiteRunner.java:276)\r\n\tat org.testng.SuiteRunnerWorker.runSuite(SuiteRunnerWorker.java:53)\r\n\tat org.testng.SuiteRunnerWorker.run(SuiteRunnerWorker.java:96)\r\n\tat org.testng.TestNG.runSuitesSequentially(TestNG.java:1212)\r\n\tat org.testng.TestNG.runSuitesLocally(TestNG.java:1134)\r\n\tat org.testng.TestNG.runSuites(TestNG.java:1063)\r\n\tat org.testng.TestNG.run(TestNG.java:1031)\r\n\tat org.apache.maven.surefire.testng.TestNGExecutor.run(TestNGExecutor.java:284)\r\n\tat org.apache.maven.surefire.testng.TestNGXmlTestSuite.execute(TestNGXmlTestSuite.java:75)\r\n\tat org.apache.maven.surefire.testng.TestNGProvider.invoke(TestNGProvider.java:119)\r\n\tat org.apache.maven.surefire.booter.ForkedBooter.runSuitesInProcess(ForkedBooter.java:428)\r\n\tat org.apache.maven.surefire.booter.ForkedBooter.execute(ForkedBooter.java:162)\r\n\tat org.apache.maven.surefire.booter.ForkedBooter.run(ForkedBooter.java:562)\r\n\tat org.apache.maven.surefire.booter.ForkedBooter.main(ForkedBooter.java:548)\r\n"},"stage":"finished","steps":[{"name":"Preencher campo endereço.","status":"passed","stage":"finished","steps":[],"attachments":[],"parameters":[{"name":"email","value":"alison@hotmail.com"}],"start":1670189218794,"stop":1670189219043},{"name":"Preencher campo senha.","status":"passed","stage":"finished","steps":[],"attachments":[],"parameters":[{"name":"senha","value":"123"}],"start":1670189219043,"stop":1670189219178},{"name":"Clicar botao entrar.","status":"passed","stage":"finished","steps":[],"attachments":[],"parameters":[],"start":1670189219178,"stop":1670189219298},{"name":"Clicar botão atividade.","status":"passed","stage":"finished","steps":[],"attachments":[],"parameters":[],"start":1670189219299,"stop":1670189219724},{"name":"Clicar botão nova atividade.","status":"passed","stage":"finished","steps":[],"attachments":[],"parameters":[],"start":1670189219724,"stop":1670189219985},{"name":"Clicar toast erro.","status":"passed","stage":"finished","steps":[],"attachments":[],"parameters":[],"start":1670189219985,"stop":1670189220470},{"name":"Clicar select trilha.","status":"passed","stage":"finished","steps":[],"attachments":[],"parameters":[],"start":1670189220470,"stop":1670189220850},{"name":"Clicar primeiro select trilha atividade.","status":"broken","statusDetails":{"known":false,"muted":false,"flaky":false,"message":"element click intercepted: Element <span class=\"MuiTypography-root MuiTypography-body1 MuiListItemText-primary css-yb0lig\">...</span> is not clickable at point (820, 63). Other element would receive the click: <li class=\"MuiButtonBase-root MuiMenuItem-root MuiMenuItem-gutters MuiMenuItem-root MuiMenuItem-gutters css-1km1ehz\" tabindex=\"0\" role=\"option\" aria-selected=\"false\" data-value=\"1\">...</li>\n  (Session info: chrome=107.0.5304.121)\nBuild info: version: '4.6.0', revision: '79f1c02ae20'\nSystem info: os.name: 'Windows 10', os.arch: 'amd64', os.version: '10.0', java.version: '1.8.0_352'\nDriver info: org.openqa.selenium.chrome.ChromeDriver\nCommand: [922cb43794509e8c1bf48db63b4551e4, clickElement {id=f9329e4a-0c2f-4a61-85ca-f739e77cef21}]\nCapabilities {acceptInsecureCerts: false, browserName: chrome, browserVersion: 107.0.5304.121, chrome: {chromedriverVersion: 107.0.5304.62 (1eec40d3a576..., userDataDir: C:\\Users\\RAWAD~1.YEH\\AppDat...}, goog:chromeOptions: {debuggerAddress: localhost:64969}, networkConnectionEnabled: false, pageLoadStrategy: normal, platformName: WINDOWS, proxy: Proxy(), se:cdp: ws://localhost:64969/devtoo..., se:cdpVersion: 107.0.5304.121, setWindowRect: true, strictFileInteractability: false, timeouts: {implicit: 0, pageLoad: 300000, script: 30000}, unhandledPromptBehavior: dismiss and notify, webauthn:extension:credBlob: true, webauthn:extension:largeBlob: true, webauthn:virtualAuthenticators: true}\nElement: [[ChromeDriver: chrome on WINDOWS (922cb43794509e8c1bf48db63b4551e4)] -> xpath: //*[@id=\"menu-\"]/div[3]/ul/li[1]/div/span]\nSession ID: 922cb43794509e8c1bf48db63b4551e4","trace":"org.openqa.selenium.ElementClickInterceptedException: element click intercepted: Element <span class=\"MuiTypography-root MuiTypography-body1 MuiListItemText-primary css-yb0lig\">...</span> is not clickable at point (820, 63). Other element would receive the click: <li class=\"MuiButtonBase-root MuiMenuItem-root MuiMenuItem-gutters MuiMenuItem-root MuiMenuItem-gutters css-1km1ehz\" tabindex=\"0\" role=\"option\" aria-selected=\"false\" data-value=\"1\">...</li>\n  (Session info: chrome=107.0.5304.121)\nBuild info: version: '4.6.0', revision: '79f1c02ae20'\nSystem info: os.name: 'Windows 10', os.arch: 'amd64', os.version: '10.0', java.version: '1.8.0_352'\nDriver info: org.openqa.selenium.chrome.ChromeDriver\nCommand: [922cb43794509e8c1bf48db63b4551e4, clickElement {id=f9329e4a-0c2f-4a61-85ca-f739e77cef21}]\nCapabilities {acceptInsecureCerts: false, browserName: chrome, browserVersion: 107.0.5304.121, chrome: {chromedriverVersion: 107.0.5304.62 (1eec40d3a576..., userDataDir: C:\\Users\\RAWAD~1.YEH\\AppDat...}, goog:chromeOptions: {debuggerAddress: localhost:64969}, networkConnectionEnabled: false, pageLoadStrategy: normal, platformName: WINDOWS, proxy: Proxy(), se:cdp: ws://localhost:64969/devtoo..., se:cdpVersion: 107.0.5304.121, setWindowRect: true, strictFileInteractability: false, timeouts: {implicit: 0, pageLoad: 300000, script: 30000}, unhandledPromptBehavior: dismiss and notify, webauthn:extension:credBlob: true, webauthn:extension:largeBlob: true, webauthn:virtualAuthenticators: true}\nElement: [[ChromeDriver: chrome on WINDOWS (922cb43794509e8c1bf48db63b4551e4)] -> xpath: //*[@id=\"menu-\"]/div[3]/ul/li[1]/div/span]\nSession ID: 922cb43794509e8c1bf48db63b4551e4\r\n\tat sun.reflect.NativeConstructorAccessorImpl.newInstance0(Native Method)\r\n\tat sun.reflect.NativeConstructorAccessorImpl.newInstance(NativeConstructorAccessorImpl.java:62)\r\n\tat sun.reflect.DelegatingConstructorAccessorImpl.newInstance(DelegatingConstructorAccessorImpl.java:45)\r\n\tat java.lang.reflect.Constructor.newInstance(Constructor.java:423)\r\n\tat org.openqa.selenium.remote.codec.w3c.W3CHttpResponseCodec.createException(W3CHttpResponseCodec.java:200)\r\n\tat org.openqa.selenium.remote.codec.w3c.W3CHttpResponseCodec.decode(W3CHttpResponseCodec.java:133)\r\n\tat org.openqa.selenium.remote.codec.w3c.W3CHttpResponseCodec.decode(W3CHttpResponseCodec.java:53)\r\n\tat org.openqa.selenium.remote.HttpCommandExecutor.execute(HttpCommandExecutor.java:184)\r\n\tat org.openqa.selenium.remote.service.DriverCommandExecutor.invokeExecute(DriverCommandExecutor.java:167)\r\n\tat org.openqa.selenium.remote.service.DriverCommandExecutor.execute(DriverCommandExecutor.java:142)\r\n\tat org.openqa.selenium.remote.RemoteWebDriver.execute(RemoteWebDriver.java:541)\r\n\tat org.openqa.selenium.remote.RemoteWebElement.execute(RemoteWebElement.java:257)\r\n\tat org.openqa.selenium.remote.RemoteWebElement.click(RemoteWebElement.java:78)\r\n\tat br.com.vemrankser.pages.BasePage.click(BasePage.java:11)\r\n\tat br.com.vemrankser.pages.AtividadesPage.clicarPrimeiroSelectTrilhaAtividade(AtividadesPage.java:71)\r\n\tat br.com.vemrankser.steps.AtividadeSteps.testeDeveRetornarMensagemDeErroAoTentarCriarAtiviadeSemModulo(AtividadeSteps.java:30)\r\n\tat sun.reflect.NativeMethodAccessorImpl.invoke0(Native Method)\r\n\tat sun.reflect.NativeMethodAccessorImpl.invoke(NativeMethodAccessorImpl.java:62)\r\n\tat sun.reflect.DelegatingMethodAccessorImpl.invoke(DelegatingMethodAccessorImpl.java:43)\r\n\tat java.lang.reflect.Method.invoke(Method.java:498)\r\n\tat org.testng.internal.MethodInvocationHelper.invokeMethod(MethodInvocationHelper.java:133)\r\n\tat org.testng.internal.TestInvoker.invokeMethod(TestInvoker.java:598)\r\n\tat org.testng.internal.TestInvoker.invokeTestMethod(TestInvoker.java:173)\r\n\tat org.testng.internal.MethodRunner.runInSequence(MethodRunner.java:46)\r\n\tat org.testng.internal.TestInvoker$MethodInvocationAgent.invoke(TestInvoker.java:824)\r\n\tat org.testng.internal.TestInvoker.invokeTestMethods(TestInvoker.java:146)\r\n\tat org.testng.internal.TestMethodWorker.invokeTestMethods(TestMethodWorker.java:146)\r\n\tat org.testng.internal.TestMethodWorker.run(TestMethodWorker.java:128)\r\n\tat java.util.ArrayList.forEach(ArrayList.java:1259)\r\n\tat org.testng.TestRunner.privateRun(TestRunner.java:794)\r\n\tat org.testng.TestRunner.run(TestRunner.java:596)\r\n\tat org.testng.SuiteRunner.runTest(SuiteRunner.java:377)\r\n\tat org.testng.SuiteRunner.runSequentially(SuiteRunner.java:371)\r\n\tat org.testng.SuiteRunner.privateRun(SuiteRunner.java:332)\r\n\tat org.testng.SuiteRunner.run(SuiteRunner.java:276)\r\n\tat org.testng.SuiteRunnerWorker.runSuite(SuiteRunnerWorker.java:53)\r\n\tat org.testng.SuiteRunnerWorker.run(SuiteRunnerWorker.java:96)\r\n\tat org.testng.TestNG.runSuitesSequentially(TestNG.java:1212)\r\n\tat org.testng.TestNG.runSuitesLocally(TestNG.java:1134)\r\n\tat org.testng.TestNG.runSuites(TestNG.java:1063)\r\n\tat org.testng.TestNG.run(TestNG.java:1031)\r\n\tat org.apache.maven.surefire.testng.TestNGExecutor.run(TestNGExecutor.java:284)\r\n\tat org.apache.maven.surefire.testng.TestNGXmlTestSuite.execute(TestNGXmlTestSuite.java:75)\r\n\tat org.apache.maven.surefire.testng.TestNGProvider.invoke(TestNGProvider.java:119)\r\n\tat org.apache.maven.surefire.booter.ForkedBooter.runSuitesInProcess(ForkedBooter.java:428)\r\n\tat org.apache.maven.surefire.booter.ForkedBooter.execute(ForkedBooter.java:162)\r\n\tat org.apache.maven.surefire.booter.ForkedBooter.run(ForkedBooter.java:562)\r\n\tat org.apache.maven.surefire.booter.ForkedBooter.main(ForkedBooter.java:548)\r\n"},"stage":"finished","steps":[],"attachments":[],"parameters":[],"start":1670189220850,"stop":1670189221918}],"attachments":[{"name":"testeDeveRetornarMensagemDeErroAoTentarCriarAtiviadeSemModulo","source":"05392197-ca36-4229-8678-1241f6fd5556-attachment"}],"parameters":[],"start":1670189218794,"stop":1670189222033,"uuid":"c0114eb5-7985-4665-b770-756155820557","historyId":"f8aa325eace9fb068fa6585d4f7473d3","fullName":"br.com.vemrankser.steps.AtividadeSteps.testeDeveRetornarMensagemDeErroAoTentarCriarAtiviadeSemModulo","labels":[{"name":"package","value":"br.com.vemrankser.steps.AtividadeSteps"},{"name":"testClass","value":"br.com.vemrankser.steps.AtividadeSteps"},{"name":"testMethod","value":"testeDeveRetornarMensagemDeErroAoTentarCriarAtiviadeSemModulo"},{"name":"parentSuite","value":"Todos os testes"},{"name":"suite","value":"Atividades Page"},{"name":"subSuite","value":"br.com.vemrankser.steps.AtividadeSteps"},{"name":"host","value":"DBC-000564"},{"name":"thread","value":"13476@DBC-000564.main(1)"},{"name":"framework","value":"testng"},{"name":"language","value":"java"},{"name":"feature","value":"Atividade"},{"name":"story","value":"Deve retornar mensagem erro."}],"links":[]}